<?xml version="1.0" encoding="UTF-8"?>
<!-- Generated by org.testng.reporters.JUnitReportReporter -->
<testsuite hostname="DESKTOP-7U3NRAG" failures="0" tests="1" name="parsingComplexJSON.Scenario6" time="1.012" errors="0" timestamp="2022-06-07T10:55:21 NPT" skipped="0">
  <testcase classname="parsingComplexJSON.Scenario6" name="SC6" time="1.012"/>
  <system-out/>
</testsuite> <!-- parsingComplexJSON.Scenario6 -->
